SH SERIES C/C++ Compiler (Ver. 6.0C)                                                                 20-Jul-2013 10:14:52  PAGE    1

************ OBJECT LISTING ************

FILE NAME: E:\Anderain\fx-9860\InvisibleBasic\utils.c

SCT OFFSET   CODE       C LABEL     INSTRUCTION OPERAND    COMMENT

         utils.c     1    #include <stdio.h>  
         utils.c     2    #include <math.h>  
         utils.c     3    #include <string.h>  
         utils.c     4    #include "dconsole.h"
         utils.c     5    
         utils.c     6    char *d_ftoa(double num,char *buf)  
P   00000000              _d_ftoa:                         ; function: d_ftoa
                                                           ; frame size=24
    00000000 2FE6                   MOV.L       R14,@-R15
    00000002 6E43                   MOV         R4,R14
         utils.c     7    {  
         utils.c     8            int             i;
         utils.c     9            char    *s = buf;
         utils.c    10            i = sprintf(buf,"%.8lf",num);
    00000004 D20F                   MOV.L       L334,R2    ; L328
    00000006 4F22                   STS.L       PR,@-R15
    00000008 7FFC                   ADD         #-4,R15
    0000000A 2FE2                   MOV.L       R14,@R15
    0000000C 53F4                   MOV.L       @(16,R15),R3
    0000000E 2F36                   MOV.L       R3,@-R15
    00000010 53F4                   MOV.L       @(16,R15),R3
    00000012 2F36                   MOV.L       R3,@-R15
    00000014 2F26                   MOV.L       R2,@-R15
    00000016 D30C                   MOV.L       L334+4,R3  ; _sprintf
    00000018 430B                   JSR         @R3
    0000001A 64E3                   MOV         R14,R4
    0000001C 7F0C                   ADD         #12,R15
    0000001E 6403                   MOV         R0,R4
         utils.c    11            buf += i-1;
    00000020 74FF                   ADD         #-1,R4
    00000022 3E4C                   ADD         R4,R14
         utils.c    12            while(*buf == '0')
    00000024 A002                   BRA         L330
    00000026 E400                   MOV         #0,R4
    00000028              L331:                             
         utils.c    13                    *buf-- = '\0';
    00000028 2E40                   MOV.B       R4,@R14
    0000002A 7EFF                   ADD         #-1,R14
    0000002C              L330:                             
    0000002C 60E0                   MOV.B       @R14,R0
    0000002E 8830                   CMP/EQ      #48,R0
    00000030 89FA                   BT          L331
         utils.c    14            if (*buf=='.') *buf = '\0';
    00000032 60E0                   MOV.B       @R14,R0
    00000034 882E                   CMP/EQ      #46,R0
    00000036 8B00                   BF          L332
    00000038 2E40                   MOV.B       R4,@R14
    0000003A              L332:                             
         utils.c    15            return s;
    0000003A 60F2                   MOV.L       @R15,R0
         utils.c    16    }  
    0000003C 7F04                   ADD         #4,R15
    0000003E 4F26                   LDS.L       @R15+,PR
    00000040 000B                   RTS




SH SERIES C/C++ Compiler (Ver. 6.0C)                                                                 20-Jul-2013 10:14:52  PAGE    2


SCT OFFSET   CODE       C LABEL     INSTRUCTION OPERAND    COMMENT

    00000042 6EF6                   MOV.L       @R15+,R14
    00000044              L334:                             
    00000044 <00000000>             .DATA.L     L328
    00000048 <00000000>             .DATA.L     _sprintf
C   00000000              L328:
    00000000 252E386C66             .SDATA      "%.8lf"
    00000005 00                     .DATA.B     H'00






















































SH SERIES C/C++ Compiler (Ver. 6.0C)                                                                 20-Jul-2013 10:14:52  PAGE    1


******** STATISTICS INFORMATION ********


********** ERROR INFORMATION ***********

NUMBER OF ERRORS:           0
NUMBER OF WARNINGS:         0




******* SOURCE LINE INFORMATION ********

COMPILED SOURCE LINE:       16



******* SECTION SIZE INFORMATION *******

PROGRAM  SECTION (P):                               0000004C Byte(s)
CONSTANT SECTION (C):                               00000006 Byte(s)
DATA     SECTION (D):                               00000000 Byte(s)
BSS      SECTION (B):                               00000000 Byte(s)

 TOTAL PROGRAM SIZE: 00000052 Byte(s)



********** LABEL INFORMATION ***********

NUMBER OF EXTERNAL REFERENCE SYMBOLS:            1
NUMBER OF EXTERNAL DEFINITION SYMBOLS:           1
NUMBER OF INTERNAL/EXTERNAL SYMBOLS:             7






























*** COMMAND PARAMETER ***


  -subcommand=C:\Users\ADMINI~1\AppData\Local\Temp\hmk28D5.tmp 

